DEBUG:root:f\left(x\right) \
  =a_{0}+\sum_{n=1}^{\infty}\left(a_{n}\cos(\frac{n\pi x}{L}) \
  +b_{n}\sin(\frac{n\pi x}{L})\right)
DEBUG:root:f\left(x\right) \
  =a_{0}+\sum_{n=1}^{\infty}\left(a_{n}\cos(\frac{n\pi x}{L}) \
  +b_{n}\sin(\frac{n\pi x}{L})\right)
DEBUG:root:<math xmlns="http://www.w3.org/1998/Math/MathML">
  <mrow>
    <mi>f</mi>
    <mfenced open="(" close=")" separators="">
      <mrow>
        <mi>x</mi>
      </mrow>
    </mfenced>
    <mi>
</mi>
    <mo>=</mo>
    <msub>
      <mi>a</mi>
      <mn>0</mn>
    </msub>
    <mo>+</mo>
    <msubsup>
      <mo>∑</mo>
      <mrow>
        <mi>n</mi>
        <mo>=</mo>
        <mn>1</mn>
      </mrow>
      <mi>∞</mi>
    </msubsup>
    <mfenced open="(" close=")" separators="">
      <mrow>
        <msub>
          <mi>a</mi>
          <mi>n</mi>
        </msub>
        <mi>cos</mi>
        <mo>(</mo>
        <mfrac>
          <mrow>
            <mi>n</mi>
            <mi>π</mi>
            <mi>x</mi>
          </mrow>
          <mi>L</mi>
        </mfrac>
        <mo>)</mo>
        <mi>
</mi>
        <mo>+</mo>
        <msub>
          <mi>b</mi>
          <mi>n</mi>
        </msub>
        <mi>sin</mi>
        <mo>(</mo>
        <mfrac>
          <mrow>
            <mi>n</mi>
            <mi>π</mi>
            <mi>x</mi>
          </mrow>
          <mi>L</mi>
        </mfrac>
        <mo>)</mo>
      </mrow>
    </mfenced>
  </mrow>
</math>

DEBUG:root:f\left(x\right) \
  =a_{0}+\sum_{n=1}^{\infty}\left(a_{n}\cos(\frac{n\pi x}{L}) \
  +b_{n}\sin(\frac{n\pi x}{L})\right)
DEBUG:root:f\left(x\right) \
  =a_{0}+\sum_{n=1}^{\infty}\left(a_{n}\cos(\frac{n\pi x}{L}) \
  +b_{n}\sin(\frac{n\pi x}{L})\right)
DEBUG:root:<math xmlns="http://www.w3.org/1998/Math/MathML">
  <mrow>
    <mi>f</mi>
    <mfenced open="(" close=")" separators="">
      <mrow>
        <mi>x</mi>
      </mrow>
    </mfenced>
    <mi>
</mi>
    <mo>=</mo>
    <msub>
      <mi>a</mi>
      <mn>0</mn>
    </msub>
    <mo>+</mo>
    <msubsup>
      <mo>∑</mo>
      <mrow>
        <mi>n</mi>
        <mo>=</mo>
        <mn>1</mn>
      </mrow>
      <mi>∞</mi>
    </msubsup>
    <mfenced open="(" close=")" separators="">
      <mrow>
        <msub>
          <mi>a</mi>
          <mi>n</mi>
        </msub>
        <mi>cos</mi>
        <mo>(</mo>
        <mfrac>
          <mrow>
            <mi>n</mi>
            <mi>π</mi>
            <mi>x</mi>
          </mrow>
          <mi>L</mi>
        </mfrac>
        <mo>)</mo>
        <mi>
</mi>
        <mo>+</mo>
        <msub>
          <mi>b</mi>
          <mi>n</mi>
        </msub>
        <mi>sin</mi>
        <mo>(</mo>
        <mfrac>
          <mrow>
            <mi>n</mi>
            <mi>π</mi>
            <mi>x</mi>
          </mrow>
          <mi>L</mi>
        </mfrac>
        <mo>)</mo>
      </mrow>
    </mfenced>
  </mrow>
</math>

DEBUG:PIL.PngImagePlugin:STREAM b'IHDR' 16 13
DEBUG:PIL.PngImagePlugin:STREAM b'pHYs' 41 9
DEBUG:PIL.PngImagePlugin:STREAM b'tEXt' 62 17
DEBUG:PIL.PngImagePlugin:STREAM b'IDAT' 91 8192
DEBUG:root:\exp\left[\int d^{4}x g\phi\bar{\psi}\psi\right]=\sum_{n=0}^{\infty}\frac{g^{n}}{n!}\left(\int d^{4}x\phi\bar{\psi}\psi\right)^{n}.
DEBUG:root:\exp\left[\int d^{4}x g\phi\bar{\psi}\psi\right]=\sum_{n=0}^{\infty}\frac{g^{n}}{n!}\left(\int d^{4}x\phi\bar{\psi}\psi\right)^{n}.
DEBUG:root:<math xmlns="http://www.w3.org/1998/Math/MathML">
  <mrow>
    <mi>exp</mi>
    <mfenced open="[" close="]" separators="">
      <mrow>
        <mo>∫</mo>
        <msup>
          <mi>d</mi>
          <mn>4</mn>
        </msup>
        <mi>x</mi>
        <mi>g</mi>
        <mi>ϕ</mi>
        <mo>x̄</mo>
        <mrow>
          <mi>ψ</mi>
        </mrow>
        <mi>ψ</mi>
      </mrow>
    </mfenced>
    <mo>=</mo>
    <msubsup>
      <mo>∑</mo>
      <mrow>
        <mi>n</mi>
        <mo>=</mo>
        <mn>0</mn>
      </mrow>
      <mi>∞</mi>
    </msubsup>
    <mfrac>
      <msup>
        <mi>g</mi>
        <mi>n</mi>
      </msup>
      <mrow>
        <mi>n</mi>
        <mo>!</mo>
      </mrow>
    </mfrac>
    <msup>
      <mfenced open="(" close=")" separators="">
        <mrow>
          <mo>∫</mo>
          <msup>
            <mi>d</mi>
            <mn>4</mn>
          </msup>
          <mi>x</mi>
          <mi>ϕ</mi>
          <mo>x̄</mo>
          <mrow>
            <mi>ψ</mi>
          </mrow>
          <mi>ψ</mi>
        </mrow>
      </mfenced>
      <mi>n</mi>
    </msup>
    <mi>.</mi>
  </mrow>
</math>

DEBUG:PIL.PngImagePlugin:STREAM b'IHDR' 16 13
DEBUG:PIL.PngImagePlugin:STREAM b'pHYs' 41 9
DEBUG:PIL.PngImagePlugin:STREAM b'tEXt' 62 17
DEBUG:PIL.PngImagePlugin:STREAM b'IDAT' 91 8192
DEBUG:root:\exp\left[\int d^{4}x g\phi\bar{\psi}\psi\right]=\sum_{n=0}^{\infty}\frac{g^{n}}{n!}\left(\int d^{4}x\phi\bar{\psi}\psi\right)^{n}.
DEBUG:root:\exp\left[\int d^{4}x g\phi\bar{\psi}\psi\right]=\sum_{n=0}^{\infty}\frac{g^{n}}{n!}\left(\int d^{4}x\phi\bar{\psi}\psi\right)^{n}.
DEBUG:root:<math xmlns="http://www.w3.org/1998/Math/MathML">
  <mrow>
    <mi>exp</mi>
    <mfenced open="[" close="]" separators="">
      <mrow>
        <mo>∫</mo>
        <msup>
          <mi>d</mi>
          <mn>4</mn>
        </msup>
        <mi>x</mi>
        <mi>g</mi>
        <mi>ϕ</mi>
        <mo>x̄</mo>
        <mrow>
          <mi>ψ</mi>
        </mrow>
        <mi>ψ</mi>
      </mrow>
    </mfenced>
    <mo>=</mo>
    <msubsup>
      <mo>∑</mo>
      <mrow>
        <mi>n</mi>
        <mo>=</mo>
        <mn>0</mn>
      </mrow>
      <mi>∞</mi>
    </msubsup>
    <mfrac>
      <msup>
        <mi>g</mi>
        <mi>n</mi>
      </msup>
      <mrow>
        <mi>n</mi>
        <mo>!</mo>
      </mrow>
    </mfrac>
    <msup>
      <mfenced open="(" close=")" separators="">
        <mrow>
          <mo>∫</mo>
          <msup>
            <mi>d</mi>
            <mn>4</mn>
          </msup>
          <mi>x</mi>
          <mi>ϕ</mi>
          <mo>x̄</mo>
          <mrow>
            <mi>ψ</mi>
          </mrow>
          <mi>ψ</mi>
        </mrow>
      </mfenced>
      <mi>n</mi>
    </msup>
    <mi>.</mi>
  </mrow>
</math>

DEBUG:PIL.PngImagePlugin:STREAM b'IHDR' 16 13
DEBUG:PIL.PngImagePlugin:STREAM b'sRGB' 41 1
DEBUG:PIL.PngImagePlugin:STREAM b'gAMA' 54 4
DEBUG:PIL.PngImagePlugin:STREAM b'pHYs' 70 9
DEBUG:PIL.PngImagePlugin:STREAM b'IDAT' 91 4494
DEBUG:root:x^{2}+y^{2}=1
DEBUG:root:x^{2}+y^{2}=1
DEBUG:root:<math xmlns="http://www.w3.org/1998/Math/MathML">
  <mrow>
    <msup>
      <mi>x</mi>
      <mn>2</mn>
    </msup>
    <mo>+</mo>
    <msup>
      <mi>y</mi>
      <mn>2</mn>
    </msup>
    <mo>=</mo>
    <mn>1</mn>
  </mrow>
</math>

DEBUG:PIL.PngImagePlugin:STREAM b'IHDR' 16 13
DEBUG:PIL.PngImagePlugin:STREAM b'pHYs' 41 9
DEBUG:PIL.PngImagePlugin:STREAM b'tEXt' 62 17
DEBUG:PIL.PngImagePlugin:STREAM b'IDAT' 91 8192
DEBUG:root:x={\frac{-b\pm{\sqrt{b^{2}-4a c\ }}}{2a}}
DEBUG:root:x={\frac{-b\pm{\sqrt{b^{2}-4a c\ }}}{2a}}
DEBUG:root:<math xmlns="http://www.w3.org/1998/Math/MathML">
  <mrow>
    <mi>x</mi>
    <mo>=</mo>
    <mrow>
      <mfrac>
        <mrow>
          <mo>−</mo>
          <mi>b</mi>
          <mo>±</mo>
          <mrow>
            <msqrt>
              <mrow>
                <msup>
                  <mi>b</mi>
                  <mn>2</mn>
                </msup>
                <mo>−</mo>
                <mn>4</mn>
                <mi>a</mi>
                <mi>c</mi>
                <mtext> </mtext>
              </mrow>
            </msqrt>
          </mrow>
        </mrow>
        <mrow>
          <mn>2</mn>
          <mi>a</mi>
        </mrow>
      </mfrac>
    </mrow>
  </mrow>
</math>

DEBUG:PIL.PngImagePlugin:STREAM b'IHDR' 16 13
DEBUG:PIL.PngImagePlugin:STREAM b'pHYs' 41 9
DEBUG:PIL.PngImagePlugin:STREAM b'tEXt' 62 17
DEBUG:PIL.PngImagePlugin:STREAM b'IDAT' 91 8192
DEBUG:root:x={\frac{-b\pm{\sqrt{b^{2}-4a c\ }}}{2a}}
DEBUG:root:x={\frac{-b\pm{\sqrt{b^{2}-4a c\ }}}{2a}}
DEBUG:root:<math xmlns="http://www.w3.org/1998/Math/MathML">
  <mrow>
    <mi>x</mi>
    <mo>=</mo>
    <mrow>
      <mfrac>
        <mrow>
          <mo>−</mo>
          <mi>b</mi>
          <mo>±</mo>
          <mrow>
            <msqrt>
              <mrow>
                <msup>
                  <mi>b</mi>
                  <mn>2</mn>
                </msup>
                <mo>−</mo>
                <mn>4</mn>
                <mi>a</mi>
                <mi>c</mi>
                <mtext> </mtext>
              </mrow>
            </msqrt>
          </mrow>
        </mrow>
        <mrow>
          <mn>2</mn>
          <mi>a</mi>
        </mrow>
      </mfrac>
    </mrow>
  </mrow>
</math>

DEBUG:PIL.PngImagePlugin:STREAM b'IHDR' 16 13
DEBUG:PIL.PngImagePlugin:STREAM b'pHYs' 41 9
DEBUG:PIL.PngImagePlugin:STREAM b'tEXt' 62 17
DEBUG:PIL.PngImagePlugin:STREAM b'IDAT' 91 8192
DEBUG:root:x={\frac{-b\pm{\sqrt{b^{2}-4a c\ }}}{2a}}
DEBUG:root:x={\frac{-b\pm{\sqrt{b^{2}-4a c\ }}}{2a}}
DEBUG:root:<math xmlns="http://www.w3.org/1998/Math/MathML">
  <mrow>
    <mi>x</mi>
    <mo>=</mo>
    <mrow>
      <mfrac>
        <mrow>
          <mo>−</mo>
          <mi>b</mi>
          <mo>±</mo>
          <mrow>
            <msqrt>
              <mrow>
                <msup>
                  <mi>b</mi>
                  <mn>2</mn>
                </msup>
                <mo>−</mo>
                <mn>4</mn>
                <mi>a</mi>
                <mi>c</mi>
                <mtext> </mtext>
              </mrow>
            </msqrt>
          </mrow>
        </mrow>
        <mrow>
          <mn>2</mn>
          <mi>a</mi>
        </mrow>
      </mfrac>
    </mrow>
  </mrow>
</math>

